
## Job iniciado em 22-11-2019 as 18:28:35 #####################


## Jobs ativos de pcdn: 

             JOBID PARTITION     NAME     USER ST       TIME  NODES NODELIST(REASON)
             58418  gpushort teste-gp     pcdn  R       0:01      1 r01g01

## Node de execucao do job:         r01g01 


## Numero de tarefas para este job: 1 


## Diretorio de submissao do job:   /home/pcdn/Willian/Atividade_08 

==43404== NVPROF is profiling process 43404, command: ./a.out
Início: qtde = 100000, dt = 1e-06, dx = 1e-05, dx² = 1e-10, kappa = 0.000045, const = 0.450000
Iterações previstas: 10000
dx = 1e-05, x = 1, (x-dx) = 0.99999
prev[0,1] = 0, 0.002
prev[n-1,n] = 0.004, 0.002
Maior valor u[50000] = 99.8486
==43404== Profiling application: ./a.out
==43404== Profiling result:
            Type  Time(%)      Time     Calls       Avg       Min       Max  Name
 GPU activities:   62.91%  2.08871s     20002  104.43us  104.03us  106.01us  [CUDA memcpy HtoD]
                   32.75%  1.08747s     10001  108.74us  108.41us  109.44us  [CUDA memcpy DtoH]
                    4.34%  144.01ms     10001  14.399us  14.080us  15.904us  calculator(double*, double*)
      API calls:   93.91%  20.3305s     30003  677.61us  94.553us  28.534ms  cudaMemcpy
                    4.17%  902.45ms         2  451.22ms  589.03us  901.86ms  cudaMalloc
                    1.91%  412.90ms     10001  41.285us  17.253us  23.029ms  cudaLaunchKernel
                    0.01%  2.1550ms        96  22.447us     260ns  868.89us  cuDeviceGetAttribute
                    0.01%  1.1310ms         2  565.51us  527.64us  603.37us  cudaFree
                    0.00%  325.55us         1  325.55us  325.55us  325.55us  cuDeviceTotalMem
                    0.00%  182.43us         1  182.43us  182.43us  182.43us  cuDeviceGetName
                    0.00%  4.9620us         1  4.9620us  4.9620us  4.9620us  cuDeviceGetPCIBusId
                    0.00%  2.9180us         3     972ns     350ns  1.5790us  cuDeviceGetCount
                    0.00%  1.5150us         2     757ns     503ns  1.0120us  cuDeviceGet

## Job finalizado em 22-11-2019 as 18:29:02 ###################
